[{"line":2,"elements":[{"line":4,"name":"","description":"","type":"background","keyword":"Background","steps":[{"result":{"duration":1001700,"status":"skipped"},"line":5,"name":"User is on retail website homepage","match":{"location":"tek.capstone.framework.steps.RetailSignInSteps.userIsOnRetailWebsiteHomepage()"},"keyword":"Given "},{"result":{"status":"skipped"},"line":6,"name":"User click on login link","match":{},"keyword":"When "}]},{"start_timestamp":"2023-09-12T03:24:14.081Z","before":[{"result":{"error_message":"org.openqa.selenium.WebDriverException: unknown error: net::ERR_NAME_NOT_RESOLVED\n  (Session info: MicrosoftEdge=116.0.1938.76)\nBuild info: version: '4.9.0', revision: 'd7057100a6'\nSystem info: os.name: 'Windows 11', os.arch: 'amd64', os.version: '10.0', java.version: '11.0.17'\nDriver info: org.openqa.selenium.edge.EdgeDriver\nCommand: [4b77dd9bda3861d5267bd734d50480e0, get {url=https://tek-retail-ui.azurewebsite.net/}]\nCapabilities {acceptInsecureCerts: false, browserName: msedge, browserVersion: 116.0.1938.76, fedcm:accounts: true, ms:edgeOptions: {debuggerAddress: localhost:60956}, msedge: {msedgedriverVersion: 116.0.1938.76 (3ea752a1990a..., userDataDir: C:\\Users\\Sadullah\\AppData\\L...}, networkConnectionEnabled: false, pageLoadStrategy: normal, platformName: WINDOWS, proxy: Proxy(), se:cdp: ws://localhost:60956/devtoo..., se:cdpVersion: 116.0.1938.76, setWindowRect: true, strictFileInteractability: false, timeouts: {implicit: 0, pageLoad: 300000, script: 30000}, unhandledPromptBehavior: dismiss and notify, webauthn:extension:credBlob: true, webauthn:extension:largeBlob: true, webauthn:extension:minPinLength: true, webauthn:extension:prf: true, webauthn:virtualAuthenticators: true}\nSession ID: 4b77dd9bda3861d5267bd734d50480e0\r\n\tat java.base/jdk.internal.reflect.NativeConstructorAccessorImpl.newInstance0(Native Method)\r\n\tat java.base/jdk.internal.reflect.NativeConstructorAccessorImpl.newInstance(NativeConstructorAccessorImpl.java:62)\r\n\tat java.base/jdk.internal.reflect.DelegatingConstructorAccessorImpl.newInstance(DelegatingConstructorAccessorImpl.java:45)\r\n\tat java.base/java.lang.reflect.Constructor.newInstance(Constructor.java:490)\r\n\tat org.openqa.selenium.remote.codec.w3c.W3CHttpResponseCodec.createException(W3CHttpResponseCodec.java:200)\r\n\tat org.openqa.selenium.remote.codec.w3c.W3CHttpResponseCodec.decode(W3CHttpResponseCodec.java:133)\r\n\tat org.openqa.selenium.remote.codec.w3c.W3CHttpResponseCodec.decode(W3CHttpResponseCodec.java:53)\r\n\tat org.openqa.selenium.remote.HttpCommandExecutor.execute(HttpCommandExecutor.java:193)\r\n\tat org.openqa.selenium.remote.service.DriverCommandExecutor.invokeExecute(DriverCommandExecutor.java:183)\r\n\tat org.openqa.selenium.remote.service.DriverCommandExecutor.execute(DriverCommandExecutor.java:158)\r\n\tat org.openqa.selenium.remote.RemoteWebDriver.execute(RemoteWebDriver.java:543)\r\n\tat org.openqa.selenium.remote.RemoteWebDriver.get(RemoteWebDriver.java:297)\r\n\tat tek.capstone.framework.config.EdgeBrowser.openBrowser(EdgeBrowser.java:12)\r\n\tat tek.capstone.framework.base.BaseSetup.SetupBrowser(BaseSetup.java:69)\r\n\tat tek.capstone.framework.base.BaseUITest.setupTests(BaseUITest.java:11)\r\n","duration":5089605300,"status":"failed"},"match":{"location":"tek.capstone.framework.base.BaseUITest.setupTests()"}}],"line":9,"name":"Verify user able to login to tek Retail Application","description":"","id":"login;verify-user-able-to-login-to-tek-retail-application","after":[{"result":{"error_message":"java.lang.NullPointerException\r\n\tat tek.capstone.framework.utilities.CommonUtility.takeScreenShotAsBytes(CommonUtility.java:49)\r\n\tat tek.capstone.framework.base.BaseUITest.closeTests(BaseUITest.java:17)\r\n","duration":4465800,"status":"failed"},"match":{"location":"tek.capstone.framework.base.BaseUITest.closeTests(io.cucumber.java.Scenario)"}}],"type":"scenario","keyword":"Scenario","steps":[{"result":{"status":"skipped"},"line":10,"name":"User enter email 'sadullah2012@yahoo.com'  and password 'Nisar$123'","match":{},"keyword":"And "},{"result":{"status":"skipped"},"line":11,"name":"User click on login button","match":{"location":"tek.capstone.framework.steps.RetailSignInSteps.userClickOnLoginButton()"},"keyword":"And "},{"result":{"status":"skipped"},"line":12,"name":"User should be logged in into Account","match":{},"keyword":"Then "}],"tags":[{"name":"@regression"},{"name":"@login"}]}],"name":"Login","description":"","id":"login","keyword":"Feature","uri":"classpath:features/SignIn.feature","tags":[{"name":"@regression","type":"Tag","location":{"line":1,"column":1}}]},{"line":2,"elements":[{"line":4,"name":"","description":"","type":"background","keyword":"Background","steps":[{"result":{"status":"skipped"},"line":5,"name":"User is on retail website homepage","match":{"location":"tek.capstone.framework.steps.RetailSignInSteps.userIsOnRetailWebsiteHomepage()"},"keyword":"Given "},{"result":{"status":"skipped"},"line":6,"name":"User click on the login link","match":{"location":"tek.capstone.framework.steps.RetailSignInSteps.userClickOnTheLoginLink()"},"keyword":"When "}]},{"start_timestamp":"2023-09-12T03:24:19.247Z","before":[{"result":{"error_message":"org.openqa.selenium.WebDriverException: unknown error: net::ERR_NAME_NOT_RESOLVED\n  (Session info: MicrosoftEdge=116.0.1938.76)\nBuild info: version: '4.9.0', revision: 'd7057100a6'\nSystem info: os.name: 'Windows 11', os.arch: 'amd64', os.version: '10.0', java.version: '11.0.17'\nDriver info: org.openqa.selenium.edge.EdgeDriver\nCommand: [dbaaa222cf72b08f00d30b63752a7818, get {url=https://tek-retail-ui.azurewebsite.net/}]\nCapabilities {acceptInsecureCerts: false, browserName: msedge, browserVersion: 116.0.1938.76, fedcm:accounts: true, ms:edgeOptions: {debuggerAddress: localhost:60992}, msedge: {msedgedriverVersion: 116.0.1938.76 (3ea752a1990a..., userDataDir: C:\\Users\\Sadullah\\AppData\\L...}, networkConnectionEnabled: false, pageLoadStrategy: normal, platformName: WINDOWS, proxy: Proxy(), se:cdp: ws://localhost:60992/devtoo..., se:cdpVersion: 116.0.1938.76, setWindowRect: true, strictFileInteractability: false, timeouts: {implicit: 0, pageLoad: 300000, script: 30000}, unhandledPromptBehavior: dismiss and notify, webauthn:extension:credBlob: true, webauthn:extension:largeBlob: true, webauthn:extension:minPinLength: true, webauthn:extension:prf: true, webauthn:virtualAuthenticators: true}\nSession ID: dbaaa222cf72b08f00d30b63752a7818\r\n\tat java.base/jdk.internal.reflect.NativeConstructorAccessorImpl.newInstance0(Native Method)\r\n\tat java.base/jdk.internal.reflect.NativeConstructorAccessorImpl.newInstance(NativeConstructorAccessorImpl.java:62)\r\n\tat java.base/jdk.internal.reflect.DelegatingConstructorAccessorImpl.newInstance(DelegatingConstructorAccessorImpl.java:45)\r\n\tat java.base/java.lang.reflect.Constructor.newInstance(Constructor.java:490)\r\n\tat org.openqa.selenium.remote.codec.w3c.W3CHttpResponseCodec.createException(W3CHttpResponseCodec.java:200)\r\n\tat org.openqa.selenium.remote.codec.w3c.W3CHttpResponseCodec.decode(W3CHttpResponseCodec.java:133)\r\n\tat org.openqa.selenium.remote.codec.w3c.W3CHttpResponseCodec.decode(W3CHttpResponseCodec.java:53)\r\n\tat org.openqa.selenium.remote.HttpCommandExecutor.execute(HttpCommandExecutor.java:193)\r\n\tat org.openqa.selenium.remote.service.DriverCommandExecutor.invokeExecute(DriverCommandExecutor.java:183)\r\n\tat org.openqa.selenium.remote.service.DriverCommandExecutor.execute(DriverCommandExecutor.java:158)\r\n\tat org.openqa.selenium.remote.RemoteWebDriver.execute(RemoteWebDriver.java:543)\r\n\tat org.openqa.selenium.remote.RemoteWebDriver.get(RemoteWebDriver.java:297)\r\n\tat tek.capstone.framework.config.EdgeBrowser.openBrowser(EdgeBrowser.java:12)\r\n\tat tek.capstone.framework.base.BaseSetup.SetupBrowser(BaseSetup.java:69)\r\n\tat tek.capstone.framework.base.BaseUITest.setupTests(BaseUITest.java:11)\r\n","duration":2947925300,"status":"failed"},"match":{"location":"tek.capstone.framework.base.BaseUITest.setupTests()"}}],"line":9,"name":"Verify user is able to login to tek retail website","description":"","id":"login;verify-user-is-able-to-login-to-tek-retail-website","after":[{"result":{"error_message":"java.lang.NullPointerException\r\n\tat tek.capstone.framework.utilities.CommonUtility.takeScreenShotAsBytes(CommonUtility.java:49)\r\n\tat tek.capstone.framework.base.BaseUITest.closeTests(BaseUITest.java:17)\r\n","duration":1038300,"status":"failed"},"match":{"location":"tek.capstone.framework.base.BaseUITest.closeTests(io.cucumber.java.Scenario)"}}],"type":"scenario","keyword":"Scenario","steps":[{"result":{"status":"skipped"},"line":10,"name":"User enter email 'saullah2012@yahoo.com' and password 'Nisar$123'","match":{"arguments":[{"val":"'saullah2012@yahoo.com'","offset":17},{"val":"'Nisar$123'","offset":54}],"location":"tek.capstone.framework.steps.RetailSignInSteps.userEnterEmailAndPassword(java.lang.String,java.lang.String)"},"keyword":"And "},{"result":{"duration":1006400,"status":"skipped"},"line":11,"name":"User click on login button","match":{"location":"tek.capstone.framework.steps.RetailSignInSteps.userClickOnLoginButton()"},"keyword":"And "},{"result":{"status":"skipped"},"line":12,"name":"Verify user is logged in","match":{"location":"tek.capstone.framework.steps.RetailSignInSteps.verifyUserIsLoggedIn()"},"keyword":"Then "}],"tags":[{"name":"@regression"},{"name":"@login"}]}],"name":"Login","description":"","id":"login","keyword":"Feature","uri":"classpath:features/login.feature","tags":[{"name":"@regression","type":"Tag","location":{"line":1,"column":1}}]}]